c:\users\keti-ysp-winlap\documents\test_repo\image processing\tutorial_chap4_181114_1\tutorial_chap4_181114_1\debug\tutorial_chap4_181114_1.pch
c:\users\keti-ysp-winlap\documents\test_repo\image processing\tutorial_chap4_181114_1\tutorial_chap4_181114_1\debug\vc140.pdb
c:\users\keti-ysp-winlap\documents\test_repo\image processing\tutorial_chap4_181114_1\tutorial_chap4_181114_1\debug\vc140.idb
c:\users\keti-ysp-winlap\documents\test_repo\image processing\tutorial_chap4_181114_1\tutorial_chap4_181114_1\debug\stdafx.obj
c:\users\keti-ysp-winlap\documents\test_repo\image processing\tutorial_chap4_181114_1\tutorial_chap4_181114_1\debug\childfrm.obj
c:\users\keti-ysp-winlap\documents\test_repo\image processing\tutorial_chap4_181114_1\tutorial_chap4_181114_1\debug\mainfrm.obj
c:\users\keti-ysp-winlap\documents\test_repo\image processing\tutorial_chap4_181114_1\tutorial_chap4_181114_1\debug\tutorial_chap4_181114_1.obj
c:\users\keti-ysp-winlap\documents\test_repo\image processing\tutorial_chap4_181114_1\tutorial_chap4_181114_1\debug\tutorial_chap4_181114_1doc.obj
c:\users\keti-ysp-winlap\documents\test_repo\image processing\tutorial_chap4_181114_1\tutorial_chap4_181114_1\debug\tutorial_chap4_181114_1view.obj
c:\users\keti-ysp-winlap\documents\test_repo\image processing\tutorial_chap4_181114_1\tutorial_chap4_181114_1\debug\ippdib.obj
c:\users\keti-ysp-winlap\documents\test_repo\image processing\tutorial_chap4_181114_1\debug\tutorial_chap4_181114_1.ilk
c:\users\keti-ysp-winlap\documents\test_repo\image processing\tutorial_chap4_181114_1\debug\tutorial_chap4_181114_1.exe
c:\users\keti-ysp-winlap\documents\test_repo\image processing\tutorial_chap4_181114_1\debug\tutorial_chap4_181114_1.pdb
c:\users\keti-ysp-winlap\documents\test_repo\image processing\tutorial_chap4_181114_1\tutorial_chap4_181114_1\debug\tutorial_chap4_181114_1.res
c:\users\keti-ysp-winlap\documents\test_repo\image processing\tutorial_chap4_181114_1\tutorial_chap4_181114_1\debug\tutorial.6bf69ce3.tlog\cl.command.1.tlog
c:\users\keti-ysp-winlap\documents\test_repo\image processing\tutorial_chap4_181114_1\tutorial_chap4_181114_1\debug\tutorial.6bf69ce3.tlog\cl.read.1.tlog
c:\users\keti-ysp-winlap\documents\test_repo\image processing\tutorial_chap4_181114_1\tutorial_chap4_181114_1\debug\tutorial.6bf69ce3.tlog\cl.write.1.tlog
c:\users\keti-ysp-winlap\documents\test_repo\image processing\tutorial_chap4_181114_1\tutorial_chap4_181114_1\debug\tutorial.6bf69ce3.tlog\link.command.1.tlog
c:\users\keti-ysp-winlap\documents\test_repo\image processing\tutorial_chap4_181114_1\tutorial_chap4_181114_1\debug\tutorial.6bf69ce3.tlog\link.read.1.tlog
c:\users\keti-ysp-winlap\documents\test_repo\image processing\tutorial_chap4_181114_1\tutorial_chap4_181114_1\debug\tutorial.6bf69ce3.tlog\link.write.1.tlog
c:\users\keti-ysp-winlap\documents\test_repo\image processing\tutorial_chap4_181114_1\tutorial_chap4_181114_1\debug\tutorial.6bf69ce3.tlog\rc.command.1.tlog
c:\users\keti-ysp-winlap\documents\test_repo\image processing\tutorial_chap4_181114_1\tutorial_chap4_181114_1\debug\tutorial.6bf69ce3.tlog\rc.read.1.tlog
c:\users\keti-ysp-winlap\documents\test_repo\image processing\tutorial_chap4_181114_1\tutorial_chap4_181114_1\debug\tutorial.6bf69ce3.tlog\rc.write.1.tlog
