c:\users\keti-ysp-winlap\documents\test_repo\image processing\tutorial_chap5_181115_1\imagetool\imagetool\debug\imagetool.pch
c:\users\keti-ysp-winlap\documents\test_repo\image processing\tutorial_chap5_181115_1\imagetool\imagetool\debug\vc140.pdb
c:\users\keti-ysp-winlap\documents\test_repo\image processing\tutorial_chap5_181115_1\imagetool\imagetool\debug\vc140.idb
c:\users\keti-ysp-winlap\documents\test_repo\image processing\tutorial_chap5_181115_1\imagetool\imagetool\debug\stdafx.obj
c:\users\keti-ysp-winlap\documents\test_repo\image processing\tutorial_chap5_181115_1\imagetool\imagetool\debug\childfrm.obj
c:\users\keti-ysp-winlap\documents\test_repo\image processing\tutorial_chap5_181115_1\imagetool\imagetool\debug\imagetool.obj
c:\users\keti-ysp-winlap\documents\test_repo\image processing\tutorial_chap5_181115_1\imagetool\imagetool\debug\imagetooldoc.obj
c:\users\keti-ysp-winlap\documents\test_repo\image processing\tutorial_chap5_181115_1\imagetool\imagetool\debug\imagetoolview.obj
c:\users\keti-ysp-winlap\documents\test_repo\image processing\tutorial_chap5_181115_1\imagetool\imagetool\debug\mainfrm.obj
c:\users\keti-ysp-winlap\documents\test_repo\image processing\tutorial_chap5_181115_1\imagetool\imagetool\debug\outputwnd.obj
c:\users\keti-ysp-winlap\documents\test_repo\image processing\tutorial_chap5_181115_1\imagetool\imagetool\debug\ippconvert.obj
c:\users\keti-ysp-winlap\documents\test_repo\image processing\tutorial_chap5_181115_1\imagetool\imagetool\debug\ippdib.obj
c:\users\keti-ysp-winlap\documents\test_repo\image processing\tutorial_chap5_181115_1\imagetool\imagetool\debug\filenewdialog.obj
c:\users\keti-ysp-winlap\documents\test_repo\image processing\tutorial_chap6_181116_1\imagetool\imagetool\debug\imagetool.pch
c:\users\keti-ysp-winlap\documents\test_repo\image processing\tutorial_chap6_181116_1\imagetool\imagetool\debug\vc140.pdb
c:\users\keti-ysp-winlap\documents\test_repo\image processing\tutorial_chap6_181116_1\imagetool\imagetool\debug\vc140.idb
c:\users\keti-ysp-winlap\documents\test_repo\image processing\tutorial_chap6_181116_1\imagetool\imagetool\debug\stdafx.obj
c:\users\keti-ysp-winlap\documents\test_repo\image processing\tutorial_chap6_181116_1\imagetool\imagetool\debug\childfrm.obj
c:\users\keti-ysp-winlap\documents\test_repo\image processing\tutorial_chap6_181116_1\imagetool\imagetool\debug\filenewdialog.obj
c:\users\keti-ysp-winlap\documents\test_repo\image processing\tutorial_chap6_181116_1\imagetool\imagetool\debug\imagetool.obj
c:\users\keti-ysp-winlap\documents\test_repo\image processing\tutorial_chap6_181116_1\imagetool\imagetool\debug\imagetooldoc.obj
c:\users\keti-ysp-winlap\documents\test_repo\image processing\tutorial_chap6_181116_1\imagetool\imagetool\debug\imagetoolview.obj
c:\users\keti-ysp-winlap\documents\test_repo\image processing\tutorial_chap6_181116_1\imagetool\imagetool\debug\ippconvert.obj
c:\users\keti-ysp-winlap\documents\test_repo\image processing\tutorial_chap6_181116_1\imagetool\imagetool\debug\ippdib.obj
c:\users\keti-ysp-winlap\documents\test_repo\image processing\tutorial_chap6_181116_1\imagetool\imagetool\debug\mainfrm.obj
c:\users\keti-ysp-winlap\documents\test_repo\image processing\tutorial_chap6_181116_1\imagetool\imagetool\debug\outputwnd.obj
c:\users\keti-ysp-winlap\documents\test_repo\image processing\tutorial_chap5_181115_1\imagetool\debug\imagetool.ilk
c:\users\keti-ysp-winlap\documents\test_repo\image processing\tutorial_chap5_181115_1\imagetool\debug\imagetool.exe
c:\users\keti-ysp-winlap\documents\test_repo\image processing\tutorial_chap5_181115_1\imagetool\debug\imagetool.pdb
c:\users\keti-ysp-winlap\documents\test_repo\image processing\tutorial_chap5_181115_1\imagetool\imagetool\debug\imagetool.res
c:\users\keti-ysp-winlap\documents\test_repo\image processing\tutorial_chap6_181116_1\imagetool\imagetool\debug\imagetool.res
c:\users\keti-ysp-winlap\documents\test_repo\image processing\tutorial_chap6_181116_1\imagetool\debug\imagetool.pdb
c:\users\keti-ysp-winlap\documents\test_repo\image processing\tutorial_chap6_181116_1\imagetool\debug\imagetool.exe
c:\users\keti-ysp-winlap\documents\test_repo\image processing\tutorial_chap6_181116_1\imagetool\debug\imagetool.ilk
c:\users\keti-ysp-winlap\documents\test_repo\image processing\tutorial_chap6_181116_1\imagetool\imagetool\debug\imagetool.tlog\cl.command.1.tlog
c:\users\keti-ysp-winlap\documents\test_repo\image processing\tutorial_chap6_181116_1\imagetool\imagetool\debug\imagetool.tlog\cl.read.1.tlog
c:\users\keti-ysp-winlap\documents\test_repo\image processing\tutorial_chap6_181116_1\imagetool\imagetool\debug\imagetool.tlog\cl.write.1.tlog
c:\users\keti-ysp-winlap\documents\test_repo\image processing\tutorial_chap6_181116_1\imagetool\imagetool\debug\imagetool.tlog\link.command.1.tlog
c:\users\keti-ysp-winlap\documents\test_repo\image processing\tutorial_chap6_181116_1\imagetool\imagetool\debug\imagetool.tlog\link.read.1.tlog
c:\users\keti-ysp-winlap\documents\test_repo\image processing\tutorial_chap6_181116_1\imagetool\imagetool\debug\imagetool.tlog\link.write.1.tlog
c:\users\keti-ysp-winlap\documents\test_repo\image processing\tutorial_chap6_181116_1\imagetool\imagetool\debug\imagetool.tlog\rc.command.1.tlog
c:\users\keti-ysp-winlap\documents\test_repo\image processing\tutorial_chap6_181116_1\imagetool\imagetool\debug\imagetool.tlog\rc.read.1.tlog
c:\users\keti-ysp-winlap\documents\test_repo\image processing\tutorial_chap6_181116_1\imagetool\imagetool\debug\imagetool.tlog\rc.write.1.tlog
